<?xml version="1.0" encoding="UTF-8"?>
<testsuite xmlns:xsi="http://www.w3.org/2001/XMLSchema-instance" xsi:noNamespaceSchemaLocation="https://maven.apache.org/surefire/maven-surefire-plugin/xsd/surefire-test-report.xsd" name="com.dzqc.cloud.controller.UserinfoControllerTest" time="0.002" tests="2" errors="0" skipped="0" failures="0">
  <properties>
    <property name="sun.desktop" value="windows"/>
    <property name="awt.toolkit" value="sun.awt.windows.WToolkit"/>
    <property name="java.specification.version" value="11"/>
    <property name="sun.cpu.isalist" value="amd64"/>
    <property name="sun.jnu.encoding" value="GBK"/>
    <property name="java.class.path" value="D:\dengping\WorkSpace\seproj\mypro_v3\target\test-classes;D:\dengping\WorkSpace\seproj\mypro_v3\target\classes;D:\dengping\downloads\mvnrepo\org\apache\commons\commons-lang3\3.11\commons-lang3-3.11.jar;D:\dengping\downloads\mvnrepo\com\aliyun\aliyun-java-sdk-core\4.4.6\aliyun-java-sdk-core-4.4.6.jar;D:\dengping\downloads\mvnrepo\com\google\code\gson\gson\2.8.6\gson-2.8.6.jar;D:\dengping\downloads\mvnrepo\org\apache\httpcomponents\httpclient\4.5.13\httpclient-4.5.13.jar;D:\dengping\downloads\mvnrepo\commons-codec\commons-codec\1.15\commons-codec-1.15.jar;D:\dengping\downloads\mvnrepo\org\apache\httpcomponents\httpcore\4.4.14\httpcore-4.4.14.jar;D:\dengping\downloads\mvnrepo\commons-logging\commons-logging\1.2\commons-logging-1.2.jar;D:\dengping\downloads\mvnrepo\javax\xml\bind\jaxb-api\2.3.1\jaxb-api-2.3.1.jar;D:\dengping\downloads\mvnrepo\javax\activation\javax.activation-api\1.2.0\javax.activation-api-1.2.0.jar;D:\dengping\downloads\mvnrepo\org\jacoco\org.jacoco.agent\0.8.3\org.jacoco.agent-0.8.3-runtime.jar;D:\dengping\downloads\mvnrepo\org\ini4j\ini4j\0.5.4\ini4j-0.5.4.jar;D:\dengping\downloads\mvnrepo\org\slf4j\slf4j-api\1.7.30\slf4j-api-1.7.30.jar;D:\dengping\downloads\mvnrepo\org\projectlombok\lombok\1.18.20\lombok-1.18.20.jar;D:\dengping\downloads\mvnrepo\com\alibaba\fastjson\1.2.62\fastjson-1.2.62.jar;D:\dengping\downloads\mvnrepo\com\github\pagehelper\pagehelper-spring-boot-starter\1.2.12\pagehelper-spring-boot-starter-1.2.12.jar;D:\dengping\downloads\mvnrepo\org\springframework\boot\spring-boot-starter\2.4.5\spring-boot-starter-2.4.5.jar;D:\dengping\downloads\mvnrepo\org\springframework\boot\spring-boot\2.4.5\spring-boot-2.4.5.jar;D:\dengping\downloads\mvnrepo\org\springframework\boot\spring-boot-starter-logging\2.4.5\spring-boot-starter-logging-2.4.5.jar;D:\dengping\downloads\mvnrepo\ch\qos\logback\logback-classic\1.2.3\logback-classic-1.2.3.jar;D:\dengping\downloads\mvnrepo\ch\qos\logback\logback-core\1.2.3\logback-core-1.2.3.jar;D:\dengping\downloads\mvnrepo\org\apache\logging\log4j\log4j-to-slf4j\2.13.3\log4j-to-slf4j-2.13.3.jar;D:\dengping\downloads\mvnrepo\org\apache\logging\log4j\log4j-api\2.13.3\log4j-api-2.13.3.jar;D:\dengping\downloads\mvnrepo\org\slf4j\jul-to-slf4j\1.7.30\jul-to-slf4j-1.7.30.jar;D:\dengping\downloads\mvnrepo\jakarta\annotation\jakarta.annotation-api\1.3.5\jakarta.annotation-api-1.3.5.jar;D:\dengping\downloads\mvnrepo\org\yaml\snakeyaml\1.27\snakeyaml-1.27.jar;D:\dengping\downloads\mvnrepo\com\github\pagehelper\pagehelper-spring-boot-autoconfigure\1.2.12\pagehelper-spring-boot-autoconfigure-1.2.12.jar;D:\dengping\downloads\mvnrepo\com\github\pagehelper\pagehelper\5.1.10\pagehelper-5.1.10.jar;D:\dengping\downloads\mvnrepo\com\github\jsqlparser\jsqlparser\2.0\jsqlparser-2.0.jar;D:\dengping\downloads\mvnrepo\com\alibaba\druid-spring-boot-starter\1.1.10\druid-spring-boot-starter-1.1.10.jar;D:\dengping\downloads\mvnrepo\com\alibaba\druid\1.1.10\druid-1.1.10.jar;D:\dengping\downloads\mvnrepo\org\springframework\boot\spring-boot-autoconfigure\2.4.5\spring-boot-autoconfigure-2.4.5.jar;D:\dengping\downloads\mvnrepo\org\springframework\boot\spring-boot-starter-web\2.4.5\spring-boot-starter-web-2.4.5.jar;D:\dengping\downloads\mvnrepo\org\springframework\boot\spring-boot-starter-json\2.4.5\spring-boot-starter-json-2.4.5.jar;D:\dengping\downloads\mvnrepo\com\fasterxml\jackson\datatype\jackson-datatype-jdk8\2.11.4\jackson-datatype-jdk8-2.11.4.jar;D:\dengping\downloads\mvnrepo\com\fasterxml\jackson\datatype\jackson-datatype-jsr310\2.11.4\jackson-datatype-jsr310-2.11.4.jar;D:\dengping\downloads\mvnrepo\com\fasterxml\jackson\module\jackson-module-parameter-names\2.11.4\jackson-module-parameter-names-2.11.4.jar;D:\dengping\downloads\mvnrepo\org\springframework\boot\spring-boot-starter-tomcat\2.4.5\spring-boot-starter-tomcat-2.4.5.jar;D:\dengping\downloads\mvnrepo\org\apache\tomcat\embed\tomcat-embed-core\9.0.45\tomcat-embed-core-9.0.45.jar;D:\dengping\downloads\mvnrepo\org\glassfish\jakarta.el\3.0.3\jakarta.el-3.0.3.jar;D:\dengping\downloads\mvnrepo\org\apache\tomcat\embed\tomcat-embed-websocket\9.0.45\tomcat-embed-websocket-9.0.45.jar;D:\dengping\downloads\mvnrepo\org\springframework\spring-web\5.3.6\spring-web-5.3.6.jar;D:\dengping\downloads\mvnrepo\org\springframework\spring-beans\5.3.6\spring-beans-5.3.6.jar;D:\dengping\downloads\mvnrepo\org\springframework\spring-webmvc\5.3.6\spring-webmvc-5.3.6.jar;D:\dengping\downloads\mvnrepo\org\springframework\spring-context\5.3.6\spring-context-5.3.6.jar;D:\dengping\downloads\mvnrepo\org\springframework\spring-expression\5.3.6\spring-expression-5.3.6.jar;D:\dengping\downloads\mvnrepo\org\springframework\boot\spring-boot-starter-websocket\2.2.0.RELEASE\spring-boot-starter-websocket-2.2.0.RELEASE.jar;D:\dengping\downloads\mvnrepo\org\springframework\spring-messaging\5.3.6\spring-messaging-5.3.6.jar;D:\dengping\downloads\mvnrepo\org\springframework\spring-websocket\5.3.6\spring-websocket-5.3.6.jar;D:\dengping\downloads\mvnrepo\com\fasterxml\jackson\core\jackson-databind\2.11.2\jackson-databind-2.11.2.jar;D:\dengping\downloads\mvnrepo\com\fasterxml\jackson\core\jackson-annotations\2.11.4\jackson-annotations-2.11.4.jar;D:\dengping\downloads\mvnrepo\com\fasterxml\jackson\core\jackson-core\2.11.4\jackson-core-2.11.4.jar;D:\dengping\downloads\mvnrepo\org\mybatis\spring\boot\mybatis-spring-boot-starter\2.1.2\mybatis-spring-boot-starter-2.1.2.jar;D:\dengping\downloads\mvnrepo\org\springframework\boot\spring-boot-starter-jdbc\2.4.5\spring-boot-starter-jdbc-2.4.5.jar;D:\dengping\downloads\mvnrepo\com\zaxxer\HikariCP\3.4.5\HikariCP-3.4.5.jar;D:\dengping\downloads\mvnrepo\org\springframework\spring-jdbc\5.3.6\spring-jdbc-5.3.6.jar;D:\dengping\downloads\mvnrepo\org\springframework\spring-tx\5.3.6\spring-tx-5.3.6.jar;D:\dengping\downloads\mvnrepo\org\mybatis\spring\boot\mybatis-spring-boot-autoconfigure\2.1.2\mybatis-spring-boot-autoconfigure-2.1.2.jar;D:\dengping\downloads\mvnrepo\org\mybatis\mybatis\3.5.4\mybatis-3.5.4.jar;D:\dengping\downloads\mvnrepo\org\mybatis\mybatis-spring\2.0.4\mybatis-spring-2.0.4.jar;D:\dengping\downloads\mvnrepo\org\mybatis\generator\mybatis-generator-core\1.3.3\mybatis-generator-core-1.3.3.jar;D:\dengping\downloads\mvnrepo\mysql\mysql-connector-java\8.0.23\mysql-connector-java-8.0.23.jar;D:\dengping\downloads\mvnrepo\org\springframework\boot\spring-boot-starter-test\2.4.5\spring-boot-starter-test-2.4.5.jar;D:\dengping\downloads\mvnrepo\org\springframework\boot\spring-boot-test\2.4.5\spring-boot-test-2.4.5.jar;D:\dengping\downloads\mvnrepo\org\springframework\boot\spring-boot-test-autoconfigure\2.4.5\spring-boot-test-autoconfigure-2.4.5.jar;D:\dengping\downloads\mvnrepo\com\jayway\jsonpath\json-path\2.4.0\json-path-2.4.0.jar;D:\dengping\downloads\mvnrepo\net\minidev\json-smart\2.3\json-smart-2.3.jar;D:\dengping\downloads\mvnrepo\net\minidev\accessors-smart\1.2\accessors-smart-1.2.jar;D:\dengping\downloads\mvnrepo\org\ow2\asm\asm\5.0.4\asm-5.0.4.jar;D:\dengping\downloads\mvnrepo\jakarta\xml\bind\jakarta.xml.bind-api\2.3.3\jakarta.xml.bind-api-2.3.3.jar;D:\dengping\downloads\mvnrepo\jakarta\activation\jakarta.activation-api\1.2.2\jakarta.activation-api-1.2.2.jar;D:\dengping\downloads\mvnrepo\org\assertj\assertj-core\3.18.1\assertj-core-3.18.1.jar;D:\dengping\downloads\mvnrepo\org\hamcrest\hamcrest\2.2\hamcrest-2.2.jar;D:\dengping\downloads\mvnrepo\org\junit\jupiter\junit-jupiter\5.7.1\junit-jupiter-5.7.1.jar;D:\dengping\downloads\mvnrepo\org\junit\jupiter\junit-jupiter-api\5.7.1\junit-jupiter-api-5.7.1.jar;D:\dengping\downloads\mvnrepo\org\apiguardian\apiguardian-api\1.1.0\apiguardian-api-1.1.0.jar;D:\dengping\downloads\mvnrepo\org\opentest4j\opentest4j\1.2.0\opentest4j-1.2.0.jar;D:\dengping\downloads\mvnrepo\org\junit\platform\junit-platform-commons\1.7.1\junit-platform-commons-1.7.1.jar;D:\dengping\downloads\mvnrepo\org\junit\jupiter\junit-jupiter-params\5.7.1\junit-jupiter-params-5.7.1.jar;D:\dengping\downloads\mvnrepo\org\junit\jupiter\junit-jupiter-engine\5.7.1\junit-jupiter-engine-5.7.1.jar;D:\dengping\downloads\mvnrepo\org\junit\platform\junit-platform-engine\1.7.1\junit-platform-engine-1.7.1.jar;D:\dengping\downloads\mvnrepo\org\mockito\mockito-core\3.6.28\mockito-core-3.6.28.jar;D:\dengping\downloads\mvnrepo\net\bytebuddy\byte-buddy\1.10.22\byte-buddy-1.10.22.jar;D:\dengping\downloads\mvnrepo\net\bytebuddy\byte-buddy-agent\1.10.22\byte-buddy-agent-1.10.22.jar;D:\dengping\downloads\mvnrepo\org\objenesis\objenesis\3.1\objenesis-3.1.jar;D:\dengping\downloads\mvnrepo\org\mockito\mockito-junit-jupiter\3.6.28\mockito-junit-jupiter-3.6.28.jar;D:\dengping\downloads\mvnrepo\org\skyscreamer\jsonassert\1.5.0\jsonassert-1.5.0.jar;D:\dengping\downloads\mvnrepo\com\vaadin\external\google\android-json\0.0.20131108.vaadin1\android-json-0.0.20131108.vaadin1.jar;D:\dengping\downloads\mvnrepo\org\springframework\spring-core\5.3.6\spring-core-5.3.6.jar;D:\dengping\downloads\mvnrepo\org\springframework\spring-jcl\5.3.6\spring-jcl-5.3.6.jar;D:\dengping\downloads\mvnrepo\org\springframework\spring-test\5.3.6\spring-test-5.3.6.jar;D:\dengping\downloads\mvnrepo\org\xmlunit\xmlunit-core\2.7.0\xmlunit-core-2.7.0.jar;D:\dengping\downloads\mvnrepo\javax\servlet\javax.servlet-api\4.0.1\javax.servlet-api-4.0.1.jar;D:\dengping\downloads\mvnrepo\io\jsonwebtoken\jjwt\0.9.1\jjwt-0.9.1.jar;D:\dengping\downloads\mvnrepo\org\springframework\boot\spring-boot-starter-security\2.4.5\spring-boot-starter-security-2.4.5.jar;D:\dengping\downloads\mvnrepo\org\springframework\spring-aop\5.3.6\spring-aop-5.3.6.jar;D:\dengping\downloads\mvnrepo\org\springframework\security\spring-security-config\5.4.6\spring-security-config-5.4.6.jar;D:\dengping\downloads\mvnrepo\org\springframework\security\spring-security-core\5.4.6\spring-security-core-5.4.6.jar;D:\dengping\downloads\mvnrepo\org\springframework\security\spring-security-web\5.4.6\spring-security-web-5.4.6.jar;D:\dengping\downloads\mvnrepo\org\hibernate\validator\hibernate-validator\6.1.7.Final\hibernate-validator-6.1.7.Final.jar;D:\dengping\downloads\mvnrepo\jakarta\validation\jakarta.validation-api\2.0.2\jakarta.validation-api-2.0.2.jar;D:\dengping\downloads\mvnrepo\org\jboss\logging\jboss-logging\3.4.1.Final\jboss-logging-3.4.1.Final.jar;D:\dengping\downloads\mvnrepo\com\fasterxml\classmate\1.5.1\classmate-1.5.1.jar;"/>
    <property name="java.vm.vendor" value="Oracle Corporation"/>
    <property name="sun.arch.data.model" value="64"/>
    <property name="user.variant" value=""/>
    <property name="java.vendor.url" value="http://java.oracle.com/"/>
    <property name="user.timezone" value="Asia/Shanghai"/>
    <property name="java.vm.specification.version" value="11"/>
    <property name="os.name" value="Windows 10"/>
    <property name="sun.java.launcher" value="SUN_STANDARD"/>
    <property name="user.country" value="CN"/>
    <property name="sun.boot.library.path" value="c:\program files\java\jdk-11.0.2\bin"/>
    <property name="sun.java.command" value="C:\Users\dengping\AppData\Local\Temp\surefire7757839759357044081\surefirebooter8129381412306581916.jar C:\Users\dengping\AppData\Local\Temp\surefire7757839759357044081 2021-07-08T21-49-44_456-jvmRun1 surefire12590082444695650608tmp surefire_04491166799362923968tmp"/>
    <property name="jdk.debug" value="release"/>
    <property name="surefire.test.class.path" value="D:\dengping\WorkSpace\seproj\mypro_v3\target\test-classes;D:\dengping\WorkSpace\seproj\mypro_v3\target\classes;D:\dengping\downloads\mvnrepo\org\apache\commons\commons-lang3\3.11\commons-lang3-3.11.jar;D:\dengping\downloads\mvnrepo\com\aliyun\aliyun-java-sdk-core\4.4.6\aliyun-java-sdk-core-4.4.6.jar;D:\dengping\downloads\mvnrepo\com\google\code\gson\gson\2.8.6\gson-2.8.6.jar;D:\dengping\downloads\mvnrepo\org\apache\httpcomponents\httpclient\4.5.13\httpclient-4.5.13.jar;D:\dengping\downloads\mvnrepo\commons-codec\commons-codec\1.15\commons-codec-1.15.jar;D:\dengping\downloads\mvnrepo\org\apache\httpcomponents\httpcore\4.4.14\httpcore-4.4.14.jar;D:\dengping\downloads\mvnrepo\commons-logging\commons-logging\1.2\commons-logging-1.2.jar;D:\dengping\downloads\mvnrepo\javax\xml\bind\jaxb-api\2.3.1\jaxb-api-2.3.1.jar;D:\dengping\downloads\mvnrepo\javax\activation\javax.activation-api\1.2.0\javax.activation-api-1.2.0.jar;D:\dengping\downloads\mvnrepo\org\jacoco\org.jacoco.agent\0.8.3\org.jacoco.agent-0.8.3-runtime.jar;D:\dengping\downloads\mvnrepo\org\ini4j\ini4j\0.5.4\ini4j-0.5.4.jar;D:\dengping\downloads\mvnrepo\org\slf4j\slf4j-api\1.7.30\slf4j-api-1.7.30.jar;D:\dengping\downloads\mvnrepo\org\projectlombok\lombok\1.18.20\lombok-1.18.20.jar;D:\dengping\downloads\mvnrepo\com\alibaba\fastjson\1.2.62\fastjson-1.2.62.jar;D:\dengping\downloads\mvnrepo\com\github\pagehelper\pagehelper-spring-boot-starter\1.2.12\pagehelper-spring-boot-starter-1.2.12.jar;D:\dengping\downloads\mvnrepo\org\springframework\boot\spring-boot-starter\2.4.5\spring-boot-starter-2.4.5.jar;D:\dengping\downloads\mvnrepo\org\springframework\boot\spring-boot\2.4.5\spring-boot-2.4.5.jar;D:\dengping\downloads\mvnrepo\org\springframework\boot\spring-boot-starter-logging\2.4.5\spring-boot-starter-logging-2.4.5.jar;D:\dengping\downloads\mvnrepo\ch\qos\logback\logback-classic\1.2.3\logback-classic-1.2.3.jar;D:\dengping\downloads\mvnrepo\ch\qos\logback\logback-core\1.2.3\logback-core-1.2.3.jar;D:\dengping\downloads\mvnrepo\org\apache\logging\log4j\log4j-to-slf4j\2.13.3\log4j-to-slf4j-2.13.3.jar;D:\dengping\downloads\mvnrepo\org\apache\logging\log4j\log4j-api\2.13.3\log4j-api-2.13.3.jar;D:\dengping\downloads\mvnrepo\org\slf4j\jul-to-slf4j\1.7.30\jul-to-slf4j-1.7.30.jar;D:\dengping\downloads\mvnrepo\jakarta\annotation\jakarta.annotation-api\1.3.5\jakarta.annotation-api-1.3.5.jar;D:\dengping\downloads\mvnrepo\org\yaml\snakeyaml\1.27\snakeyaml-1.27.jar;D:\dengping\downloads\mvnrepo\com\github\pagehelper\pagehelper-spring-boot-autoconfigure\1.2.12\pagehelper-spring-boot-autoconfigure-1.2.12.jar;D:\dengping\downloads\mvnrepo\com\github\pagehelper\pagehelper\5.1.10\pagehelper-5.1.10.jar;D:\dengping\downloads\mvnrepo\com\github\jsqlparser\jsqlparser\2.0\jsqlparser-2.0.jar;D:\dengping\downloads\mvnrepo\com\alibaba\druid-spring-boot-starter\1.1.10\druid-spring-boot-starter-1.1.10.jar;D:\dengping\downloads\mvnrepo\com\alibaba\druid\1.1.10\druid-1.1.10.jar;D:\dengping\downloads\mvnrepo\org\springframework\boot\spring-boot-autoconfigure\2.4.5\spring-boot-autoconfigure-2.4.5.jar;D:\dengping\downloads\mvnrepo\org\springframework\boot\spring-boot-starter-web\2.4.5\spring-boot-starter-web-2.4.5.jar;D:\dengping\downloads\mvnrepo\org\springframework\boot\spring-boot-starter-json\2.4.5\spring-boot-starter-json-2.4.5.jar;D:\dengping\downloads\mvnrepo\com\fasterxml\jackson\datatype\jackson-datatype-jdk8\2.11.4\jackson-datatype-jdk8-2.11.4.jar;D:\dengping\downloads\mvnrepo\com\fasterxml\jackson\datatype\jackson-datatype-jsr310\2.11.4\jackson-datatype-jsr310-2.11.4.jar;D:\dengping\downloads\mvnrepo\com\fasterxml\jackson\module\jackson-module-parameter-names\2.11.4\jackson-module-parameter-names-2.11.4.jar;D:\dengping\downloads\mvnrepo\org\springframework\boot\spring-boot-starter-tomcat\2.4.5\spring-boot-starter-tomcat-2.4.5.jar;D:\dengping\downloads\mvnrepo\org\apache\tomcat\embed\tomcat-embed-core\9.0.45\tomcat-embed-core-9.0.45.jar;D:\dengping\downloads\mvnrepo\org\glassfish\jakarta.el\3.0.3\jakarta.el-3.0.3.jar;D:\dengping\downloads\mvnrepo\org\apache\tomcat\embed\tomcat-embed-websocket\9.0.45\tomcat-embed-websocket-9.0.45.jar;D:\dengping\downloads\mvnrepo\org\springframework\spring-web\5.3.6\spring-web-5.3.6.jar;D:\dengping\downloads\mvnrepo\org\springframework\spring-beans\5.3.6\spring-beans-5.3.6.jar;D:\dengping\downloads\mvnrepo\org\springframework\spring-webmvc\5.3.6\spring-webmvc-5.3.6.jar;D:\dengping\downloads\mvnrepo\org\springframework\spring-context\5.3.6\spring-context-5.3.6.jar;D:\dengping\downloads\mvnrepo\org\springframework\spring-expression\5.3.6\spring-expression-5.3.6.jar;D:\dengping\downloads\mvnrepo\org\springframework\boot\spring-boot-starter-websocket\2.2.0.RELEASE\spring-boot-starter-websocket-2.2.0.RELEASE.jar;D:\dengping\downloads\mvnrepo\org\springframework\spring-messaging\5.3.6\spring-messaging-5.3.6.jar;D:\dengping\downloads\mvnrepo\org\springframework\spring-websocket\5.3.6\spring-websocket-5.3.6.jar;D:\dengping\downloads\mvnrepo\com\fasterxml\jackson\core\jackson-databind\2.11.2\jackson-databind-2.11.2.jar;D:\dengping\downloads\mvnrepo\com\fasterxml\jackson\core\jackson-annotations\2.11.4\jackson-annotations-2.11.4.jar;D:\dengping\downloads\mvnrepo\com\fasterxml\jackson\core\jackson-core\2.11.4\jackson-core-2.11.4.jar;D:\dengping\downloads\mvnrepo\org\mybatis\spring\boot\mybatis-spring-boot-starter\2.1.2\mybatis-spring-boot-starter-2.1.2.jar;D:\dengping\downloads\mvnrepo\org\springframework\boot\spring-boot-starter-jdbc\2.4.5\spring-boot-starter-jdbc-2.4.5.jar;D:\dengping\downloads\mvnrepo\com\zaxxer\HikariCP\3.4.5\HikariCP-3.4.5.jar;D:\dengping\downloads\mvnrepo\org\springframework\spring-jdbc\5.3.6\spring-jdbc-5.3.6.jar;D:\dengping\downloads\mvnrepo\org\springframework\spring-tx\5.3.6\spring-tx-5.3.6.jar;D:\dengping\downloads\mvnrepo\org\mybatis\spring\boot\mybatis-spring-boot-autoconfigure\2.1.2\mybatis-spring-boot-autoconfigure-2.1.2.jar;D:\dengping\downloads\mvnrepo\org\mybatis\mybatis\3.5.4\mybatis-3.5.4.jar;D:\dengping\downloads\mvnrepo\org\mybatis\mybatis-spring\2.0.4\mybatis-spring-2.0.4.jar;D:\dengping\downloads\mvnrepo\org\mybatis\generator\mybatis-generator-core\1.3.3\mybatis-generator-core-1.3.3.jar;D:\dengping\downloads\mvnrepo\mysql\mysql-connector-java\8.0.23\mysql-connector-java-8.0.23.jar;D:\dengping\downloads\mvnrepo\org\springframework\boot\spring-boot-starter-test\2.4.5\spring-boot-starter-test-2.4.5.jar;D:\dengping\downloads\mvnrepo\org\springframework\boot\spring-boot-test\2.4.5\spring-boot-test-2.4.5.jar;D:\dengping\downloads\mvnrepo\org\springframework\boot\spring-boot-test-autoconfigure\2.4.5\spring-boot-test-autoconfigure-2.4.5.jar;D:\dengping\downloads\mvnrepo\com\jayway\jsonpath\json-path\2.4.0\json-path-2.4.0.jar;D:\dengping\downloads\mvnrepo\net\minidev\json-smart\2.3\json-smart-2.3.jar;D:\dengping\downloads\mvnrepo\net\minidev\accessors-smart\1.2\accessors-smart-1.2.jar;D:\dengping\downloads\mvnrepo\org\ow2\asm\asm\5.0.4\asm-5.0.4.jar;D:\dengping\downloads\mvnrepo\jakarta\xml\bind\jakarta.xml.bind-api\2.3.3\jakarta.xml.bind-api-2.3.3.jar;D:\dengping\downloads\mvnrepo\jakarta\activation\jakarta.activation-api\1.2.2\jakarta.activation-api-1.2.2.jar;D:\dengping\downloads\mvnrepo\org\assertj\assertj-core\3.18.1\assertj-core-3.18.1.jar;D:\dengping\downloads\mvnrepo\org\hamcrest\hamcrest\2.2\hamcrest-2.2.jar;D:\dengping\downloads\mvnrepo\org\junit\jupiter\junit-jupiter\5.7.1\junit-jupiter-5.7.1.jar;D:\dengping\downloads\mvnrepo\org\junit\jupiter\junit-jupiter-api\5.7.1\junit-jupiter-api-5.7.1.jar;D:\dengping\downloads\mvnrepo\org\apiguardian\apiguardian-api\1.1.0\apiguardian-api-1.1.0.jar;D:\dengping\downloads\mvnrepo\org\opentest4j\opentest4j\1.2.0\opentest4j-1.2.0.jar;D:\dengping\downloads\mvnrepo\org\junit\platform\junit-platform-commons\1.7.1\junit-platform-commons-1.7.1.jar;D:\dengping\downloads\mvnrepo\org\junit\jupiter\junit-jupiter-params\5.7.1\junit-jupiter-params-5.7.1.jar;D:\dengping\downloads\mvnrepo\org\junit\jupiter\junit-jupiter-engine\5.7.1\junit-jupiter-engine-5.7.1.jar;D:\dengping\downloads\mvnrepo\org\junit\platform\junit-platform-engine\1.7.1\junit-platform-engine-1.7.1.jar;D:\dengping\downloads\mvnrepo\org\mockito\mockito-core\3.6.28\mockito-core-3.6.28.jar;D:\dengping\downloads\mvnrepo\net\bytebuddy\byte-buddy\1.10.22\byte-buddy-1.10.22.jar;D:\dengping\downloads\mvnrepo\net\bytebuddy\byte-buddy-agent\1.10.22\byte-buddy-agent-1.10.22.jar;D:\dengping\downloads\mvnrepo\org\objenesis\objenesis\3.1\objenesis-3.1.jar;D:\dengping\downloads\mvnrepo\org\mockito\mockito-junit-jupiter\3.6.28\mockito-junit-jupiter-3.6.28.jar;D:\dengping\downloads\mvnrepo\org\skyscreamer\jsonassert\1.5.0\jsonassert-1.5.0.jar;D:\dengping\downloads\mvnrepo\com\vaadin\external\google\android-json\0.0.20131108.vaadin1\android-json-0.0.20131108.vaadin1.jar;D:\dengping\downloads\mvnrepo\org\springframework\spring-core\5.3.6\spring-core-5.3.6.jar;D:\dengping\downloads\mvnrepo\org\springframework\spring-jcl\5.3.6\spring-jcl-5.3.6.jar;D:\dengping\downloads\mvnrepo\org\springframework\spring-test\5.3.6\spring-test-5.3.6.jar;D:\dengping\downloads\mvnrepo\org\xmlunit\xmlunit-core\2.7.0\xmlunit-core-2.7.0.jar;D:\dengping\downloads\mvnrepo\javax\servlet\javax.servlet-api\4.0.1\javax.servlet-api-4.0.1.jar;D:\dengping\downloads\mvnrepo\io\jsonwebtoken\jjwt\0.9.1\jjwt-0.9.1.jar;D:\dengping\downloads\mvnrepo\org\springframework\boot\spring-boot-starter-security\2.4.5\spring-boot-starter-security-2.4.5.jar;D:\dengping\downloads\mvnrepo\org\springframework\spring-aop\5.3.6\spring-aop-5.3.6.jar;D:\dengping\downloads\mvnrepo\org\springframework\security\spring-security-config\5.4.6\spring-security-config-5.4.6.jar;D:\dengping\downloads\mvnrepo\org\springframework\security\spring-security-core\5.4.6\spring-security-core-5.4.6.jar;D:\dengping\downloads\mvnrepo\org\springframework\security\spring-security-web\5.4.6\spring-security-web-5.4.6.jar;D:\dengping\downloads\mvnrepo\org\hibernate\validator\hibernate-validator\6.1.7.Final\hibernate-validator-6.1.7.Final.jar;D:\dengping\downloads\mvnrepo\jakarta\validation\jakarta.validation-api\2.0.2\jakarta.validation-api-2.0.2.jar;D:\dengping\downloads\mvnrepo\org\jboss\logging\jboss-logging\3.4.1.Final\jboss-logging-3.4.1.Final.jar;D:\dengping\downloads\mvnrepo\com\fasterxml\classmate\1.5.1\classmate-1.5.1.jar;"/>
    <property name="sun.cpu.endian" value="little"/>
    <property name="user.home" value="C:\Users\dengping"/>
    <property name="user.language" value="zh"/>
    <property name="java.specification.vendor" value="Oracle Corporation"/>
    <property name="java.version.date" value="2019-01-15"/>
    <property name="java.home" value="c:\program files\java\jdk-11.0.2"/>
    <property name="file.separator" value="\"/>
    <property name="basedir" value="D:\dengping\WorkSpace\seproj\mypro_v3"/>
    <property name="java.vm.compressedOopsMode" value="32-bit"/>
    <property name="line.separator" value="&#10;"/>
    <property name="java.specification.name" value="Java Platform API Specification"/>
    <property name="java.vm.specification.vendor" value="Oracle Corporation"/>
    <property name="java.awt.graphicsenv" value="sun.awt.Win32GraphicsEnvironment"/>
    <property name="surefire.real.class.path" value="C:\Users\dengping\AppData\Local\Temp\surefire7757839759357044081\surefirebooter8129381412306581916.jar"/>
    <property name="user.script" value=""/>
    <property name="sun.management.compiler" value="HotSpot 64-Bit Tiered Compilers"/>
    <property name="java.runtime.version" value="11.0.2+9-LTS"/>
    <property name="user.name" value="dengping"/>
    <property name="path.separator" value=";"/>
    <property name="os.version" value="10.0"/>
    <property name="java.runtime.name" value="Java(TM) SE Runtime Environment"/>
    <property name="file.encoding" value="GBK"/>
    <property name="java.vm.name" value="Java HotSpot(TM) 64-Bit Server VM"/>
    <property name="java.vendor.version" value="18.9"/>
    <property name="localRepository" value="D:\dengping\downloads\mvnrepo"/>
    <property name="java.vendor.url.bug" value="http://bugreport.java.com/bugreport/"/>
    <property name="java.io.tmpdir" value="C:\Users\dengping\AppData\Local\Temp\"/>
    <property name="java.version" value="11.0.2"/>
    <property name="user.dir" value="D:\dengping\WorkSpace\seproj\mypro_v3"/>
    <property name="os.arch" value="amd64"/>
    <property name="java.vm.specification.name" value="Java Virtual Machine Specification"/>
    <property name="java.awt.printerjob" value="sun.awt.windows.WPrinterJob"/>
    <property name="sun.os.patch.level" value=""/>
    <property name="java.library.path" value="c:\program files\java\jdk-11.0.2\bin;C:\WINDOWS\Sun\Java\bin;C:\WINDOWS\system32;C:\WINDOWS;C:\Python39\Scripts\;C:\Python39\;D:\Program Files (x86)\VMware\VMware Workstation\bin\;C:\Program Files (x86)\Common Files\Oracle\Java\javapath;C:\Program Files (x86)\Intel\iCLS Client\;C:\Program Files\Intel\iCLS Client\;C:\Windows\system32;C:\Windows;C:\Windows\System32\Wbem;C:\Windows\System32\WindowsPowerShell\v1.0\;C:\Program Files (x86)\NVIDIA Corporation\PhysX\Common;C:\Program Files (x86)\Intel\Intel(R) Management Engine Components\DAL;C:\Program Files\Intel\Intel(R) Management Engine Components\DAL;C:\Program Files (x86)\Intel\Intel(R) Management Engine Components\IPT;C:\Program Files\Intel\Intel(R) Management Engine Components\IPT;C:\WINDOWS\system32;C:\WINDOWS;C:\WINDOWS\System32\Wbem;C:\WINDOWS\System32\WindowsPowerShell\v1.0\;C:\WINDOWS\System32\OpenSSH\;C:\Program Files\Microsoft VS Code\bin;C:\Program Files (x86)\GtkSharp\2.12\bin;C:\Program Files\dotnet\;C:\Program Files\Microsoft SQL Server\130\Tools\Binn\;C:\Program Files\NVIDIA Corporation\NVIDIA NvDLISR;D:\tools\texlive\2020\bin\win32;C:\WINDOWS\system32;C:\WINDOWS;C:\WINDOWS\System32\Wbem;C:\WINDOWS\System32\WindowsPowerShell\v1.0\;C:\WINDOWS\System32\OpenSSH\;D:\Program Files\nodejs\;C:\ProgramData\chocolatey\bin;D:\tools\UnxUtils\usr\local\wbin;D:\tools\UnxUtils\usr\local\lib;d:\Program Files\Git\cmd;D:\tools\jruby-9.2.14.0\bin;D:\Program Files (x86)\CodeBlocks\MinGW\bin;C:\Program Files\Java\jdk-11.0.2\bin;C:\Program Files (x86)\MySQL\MySQL Server 5.7\bin;D:\tools\Android\Sdk\tools;D:\tools\Android\Sdk\platform-tools;D:\tools\opencv\build\x64\vc15\bin;C:\Users\dengping\AppData\Roaming\npm;C:\Program Files\Java\apache-maven-3.8.1\bin;C:\Users\dengping\AppData\Local\Microsoft\WindowsApps;d:\Program Files\JetBrains\IntelliJ IDEA Community Edition 2021.1.1\bin;."/>
    <property name="java.vendor" value="Oracle Corporation"/>
    <property name="java.vm.info" value="mixed mode"/>
    <property name="java.vm.version" value="11.0.2+9-LTS"/>
    <property name="sun.io.unicode.encoding" value="UnicodeLittle"/>
    <property name="java.class.version" value="55.0"/>
  </properties>
  <testcase name="register" classname="com.dzqc.cloud.controller.UserinfoControllerTest" time="0"/>
  <testcase name="login" classname="com.dzqc.cloud.controller.UserinfoControllerTest" time="0"/>
</testsuite>